This file contains any messages produced by compilers while
running configure, to aid debugging if configure makes a mistake.

It was created by ibus-avro configure 1.0, which was
generated by GNU Autoconf 2.68.  Invocation command line was

  $ ./configure --prefix=/usr

## --------- ##
## Platform. ##
## --------- ##

hostname = linux-suwb.site
uname -m = i686
uname -r = 3.1.0-1.2-default
uname -s = Linux
uname -v = #1 SMP Thu Nov 3 14:45:45 UTC 2011 (187dde0)

/usr/bin/uname -p = unknown
/bin/uname -X     = unknown

/bin/arch              = i686
/usr/bin/arch -k       = unknown
/usr/convex/getsysinfo = unknown
/usr/bin/hostinfo      = unknown
/bin/machine           = unknown
/usr/bin/oslevel       = unknown
/bin/universe          = unknown

PATH: /usr/local/bin
PATH: /usr/bin
PATH: /bin
PATH: /usr/bin/X11
PATH: /usr/X11R6/bin
PATH: /usr/games
PATH: /usr/lib/mit/bin
PATH: /usr/lib/mit/sbin
PATH: .
PATH: /home/sarim/.rvm/bin


## ----------- ##
## Core tests. ##
## ----------- ##

configure:1603: loading site script /usr/share/site/i686-pc-linux-gnu
| #!/bin/sh
| # Site script for configure. It is resourced via \$CONFIG_SITE environment varaible.
| 
| # If user did not specify libexecdir, guess the correct target:
| # Nor FHS nor openSUSE allow prefix/libexec. Let's default to prefix/lib.
| 
| libexecdir='${exec_prefix}/lib'
| 
| # Continue with the standard behavior of configure defined in AC_SITE_LOAD:
| if test "x$prefix" != xNONE; then
| 	ac_site_file1=$prefix/share/config.site
| 	ac_site_file2=$prefix/etc/config.site
| else
| 	ac_site_file1=$ac_default_prefix/share/config.site
| 	ac_site_file2=$ac_default_prefix/etc/config.site
| fi
| for ac_site_file in "$ac_site_file1" "$ac_site_file2"
| do
| 	test "x$ac_site_file" = xNONE && continue
| 	if test /dev/null != "$ac_site_file" && test -r "$ac_site_file"; then
| 		{ $as_echo "/usr/share/site/i686-pc-linux-gnu:${as_lineno-$LINENO}: loading site script $ac_site_file" >&5
| $as_echo "/usr/share/site/i686-pc-linux-gnu: loading site script $ac_site_file" >&6;}
| 		sed 's/^/| /' "$ac_site_file" >&5
| 		. "$ac_site_file" \
| 			|| { { $as_echo "/usr/share/site/i686-pc-linux-gnu:${as_lineno-$LINENO}: error: in \`$ac_pwd':" >&5
| $as_echo "/usr/share/site/i686-pc-linux-gnu: error: in \`$ac_pwd':" >&2;}
| as_fn_error $? "failed to load site script $ac_site_file
| See \`config.log' for more details" "$LINENO" 5; }
| 	fi
| done
configure:1744: checking for a BSD-compatible install
configure:1812: result: /usr/bin/install -c
configure:1823: checking whether build environment is sane
configure:1873: result: yes
configure:2014: checking for a thread-safe mkdir -p
configure:2053: result: /bin/mkdir -p
configure:2066: checking for gawk
configure:2082: found /usr/bin/gawk
configure:2093: result: gawk
configure:2104: checking whether make sets $(MAKE)
configure:2126: result: yes
configure:2359: creating ./config.status

## ---------------------- ##
## Running config.status. ##
## ---------------------- ##

This file was extended by ibus-avro config.status 1.0, which was
generated by GNU Autoconf 2.68.  Invocation command line was

  CONFIG_FILES    = 
  CONFIG_HEADERS  = 
  CONFIG_LINKS    = 
  CONFIG_COMMANDS = 
  $ ./config.status 

on linux-suwb.site

config.status:755: creating Makefile
configure:3446: checking for pkg-config
configure:3464: found /usr/bin/pkg-config
configure:3476: result: /usr/bin/pkg-config
configure:3501: checking pkg-config is at least version 0.9.0
configure:3504: result: yes
configure:3514: checking for ibus
configure:3521: $PKG_CONFIG --exists --print-errors "ibus-1.0"
configure:3524: $? = 0
configure:3537: $PKG_CONFIG --exists --print-errors "ibus-1.0"
configure:3540: $? = 0
configure:3597: result: yes
configure:3759: creating ./config.status

## ---------------------- ##
## Running config.status. ##
## ---------------------- ##

This file was extended by ibus-avro config.status 1.0, which was
generated by GNU Autoconf 2.68.  Invocation command line was

  CONFIG_FILES    = 
  CONFIG_HEADERS  = 
  CONFIG_LINKS    = 
  CONFIG_COMMANDS = 
  $ ./config.status 

on linux-suwb.site

config.status:755: creating Makefile

## ---------------- ##
## Cache variables. ##
## ---------------- ##

ac_cv_env_PKG_CONFIG_LIBDIR_set=
ac_cv_env_PKG_CONFIG_LIBDIR_value=
ac_cv_env_PKG_CONFIG_PATH_set=
ac_cv_env_PKG_CONFIG_PATH_value=
ac_cv_env_PKG_CONFIG_set=
ac_cv_env_PKG_CONFIG_value=
ac_cv_env_build_alias_set=
ac_cv_env_build_alias_value=
ac_cv_env_host_alias_set=
ac_cv_env_host_alias_value=
ac_cv_env_ibus_CFLAGS_set=
ac_cv_env_ibus_CFLAGS_value=
ac_cv_env_ibus_LIBS_set=
ac_cv_env_ibus_LIBS_value=
ac_cv_env_target_alias_set=
ac_cv_env_target_alias_value=
ac_cv_path_ac_pt_PKG_CONFIG=/usr/bin/pkg-config
ac_cv_path_install='/usr/bin/install -c'
ac_cv_path_mkdir=/bin/mkdir
ac_cv_prog_AWK=gawk
ac_cv_prog_make_make_set=yes
pkg_cv_ibus_CFLAGS='-pthread -I/usr/include/ibus-1.0 -I/usr/include/glib-2.0 -I/usr/lib/glib-2.0/include  '
pkg_cv_ibus_LIBS='-pthread -libus-1.0 -lgio-2.0 -lgobject-2.0 -lgmodule-2.0 -lgthread-2.0 -lrt -lglib-2.0  '

## ----------------- ##
## Output variables. ##
## ----------------- ##

ACLOCAL='${SHELL} /home/sarim/ibus-avro/missing --run aclocal-1.11'
AMTAR='${SHELL} /home/sarim/ibus-avro/missing --run tar'
AUTOCONF='${SHELL} /home/sarim/ibus-avro/missing --run autoconf'
AUTOHEADER='${SHELL} /home/sarim/ibus-avro/missing --run autoheader'
AUTOMAKE='${SHELL} /home/sarim/ibus-avro/missing --run automake-1.11'
AWK='gawk'
CYGPATH_W='echo'
DEFS='-DPACKAGE_NAME=\"ibus-avro\" -DPACKAGE_TARNAME=\"ibus-avro\" -DPACKAGE_VERSION=\"1.0\" -DPACKAGE_STRING=\"ibus-avro\ 1.0\" -DPACKAGE_BUGREPORT=\"sarim2005@gmail.com\" -DPACKAGE_URL=\"\" -DPACKAGE=\"ibus-avro\" -DVERSION=\"1.0\"'
ECHO_C=''
ECHO_N='-n'
ECHO_T=''
INSTALL_DATA='${INSTALL} -m 644'
INSTALL_PROGRAM='${INSTALL}'
INSTALL_SCRIPT='${INSTALL}'
INSTALL_STRIP_PROGRAM='$(install_sh) -c -s'
LIBOBJS=''
LIBS=''
LTLIBOBJS=''
MAKEINFO='${SHELL} /home/sarim/ibus-avro/missing --run makeinfo'
MKDIR_P='/bin/mkdir -p'
PACKAGE='ibus-avro'
PACKAGE_BUGREPORT='sarim2005@gmail.com'
PACKAGE_NAME='ibus-avro'
PACKAGE_STRING='ibus-avro 1.0'
PACKAGE_TARNAME='ibus-avro'
PACKAGE_URL=''
PACKAGE_VERSION='1.0'
PATH_SEPARATOR=':'
PKG_CONFIG='/usr/bin/pkg-config'
PKG_CONFIG_LIBDIR=''
PKG_CONFIG_PATH=''
SET_MAKE=''
SHELL='/bin/sh'
STRIP=''
VERSION='1.0'
am__isrc=''
am__leading_dot='.'
am__tar='${AMTAR} chof - "$$tardir"'
am__untar='${AMTAR} xf -'
bindir='${exec_prefix}/bin'
build_alias=''
datadir='${datarootdir}'
datarootdir='${prefix}/share'
docdir='${datarootdir}/doc/${PACKAGE_TARNAME}'
dvidir='${docdir}'
exec_prefix='${prefix}'
host_alias=''
htmldir='${docdir}'
ibus_CFLAGS='-pthread -I/usr/include/ibus-1.0 -I/usr/include/glib-2.0 -I/usr/lib/glib-2.0/include  '
ibus_LIBS='-pthread -libus-1.0 -lgio-2.0 -lgobject-2.0 -lgmodule-2.0 -lgthread-2.0 -lrt -lglib-2.0  '
includedir='${prefix}/include'
infodir='${datarootdir}/info'
install_sh='${SHELL} /home/sarim/ibus-avro/install-sh'
libdir='${exec_prefix}/lib'
libexecdir='${exec_prefix}/lib'
localedir='${datarootdir}/locale'
localstatedir='${prefix}/var'
mandir='${datarootdir}/man'
mkdir_p='/bin/mkdir -p'
oldincludedir='/usr/include'
pdfdir='${docdir}'
prefix='/usr'
program_transform_name='s,x,x,'
psdir='${docdir}'
sbindir='${exec_prefix}/sbin'
sharedstatedir='${prefix}/com'
sysconfdir='${prefix}/etc'
target_alias=''

## ----------- ##
## confdefs.h. ##
## ----------- ##

/* confdefs.h */
#define PACKAGE_NAME "ibus-avro"
#define PACKAGE_TARNAME "ibus-avro"
#define PACKAGE_VERSION "1.0"
#define PACKAGE_STRING "ibus-avro 1.0"
#define PACKAGE_BUGREPORT "sarim2005@gmail.com"
#define PACKAGE_URL ""
#define PACKAGE "ibus-avro"
#define VERSION "1.0"

configure: exit 0
